<?xml version="1.0" encoding="UTF-8"?>
<testng-results ignored="0" total="1" passed="1" failed="0" skipped="0">
  <reporter-output>
  </reporter-output>
  <suite started-at="2022-12-23T00:10:53Z" name="SanityTest" finished-at="2022-12-23T00:11:21Z" duration-ms="27686">
    <groups>
      <group name="cucumber">
        <method signature="AbstractTestNGCucumberTests.runScenario(io.cucumber.testng.PickleWrapper, io.cucumber.testng.FeatureWrapper)[pri:0, instance:luma.usa.myRunner.MyRunner@59d2400d]" name="runScenario" class="io.cucumber.testng.AbstractTestNGCucumberTests"/>
      </group> <!-- cucumber -->
    </groups>
    <test started-at="2022-12-23T00:10:53Z" name="EcomarceLuma_Project" finished-at="2022-12-23T00:11:21Z" duration-ms="27686">
      <class name="luma.usa.myRunner.MyRunner">
        <test-method is-config="true" signature="setUpClass()[pri:0, instance:luma.usa.myRunner.MyRunner@59d2400d]" started-at="2022-12-23T00:10:53Z" name="setUpClass" finished-at="2022-12-23T00:10:53Z" duration-ms="362" status="PASS">
          <reporter-output>
          </reporter-output>
        </test-method> <!-- setUpClass -->
        <test-method signature="runScenario(io.cucumber.testng.PickleWrapper, io.cucumber.testng.FeatureWrapper)[pri:0, instance:luma.usa.myRunner.MyRunner@59d2400d]" started-at="2022-12-23T00:10:53Z" name="runScenario" description="Runs Cucumber Scenarios" data-provider="scenarios" finished-at="2022-12-23T00:11:21Z" duration-ms="27226" status="PASS">
          <params>
            <param index="0">
              <value>
                <![CDATA["User can login to the website with valid credentials and purchase the specific men's jacket."]]>
              </value>
            </param>
            <param index="1">
              <value>
                <![CDATA["Optional[valid user can purchase the men jacket.]"]]>
              </value>
            </param>
          </params>
          <reporter-output>
          </reporter-output>
        </test-method> <!-- runScenario -->
        <test-method is-config="true" signature="tearDownClass()[pri:0, instance:luma.usa.myRunner.MyRunner@59d2400d]" started-at="2022-12-23T00:11:21Z" name="tearDownClass" finished-at="2022-12-23T00:11:21Z" duration-ms="80" status="PASS">
          <reporter-output>
          </reporter-output>
        </test-method> <!-- tearDownClass -->
      </class> <!-- luma.usa.myRunner.MyRunner -->
    </test> <!-- EcomarceLuma_Project -->
  </suite> <!-- SanityTest -->
</testng-results>
